TN:
SF:aboutnumbers.js
FN:2,(anonymous_0)
FN:6,(anonymous_1)
FN:9,(anonymous_2)
FNF:3
FNH:0
FNDA:0,(anonymous_0)
FNDA:0,(anonymous_1)
FNDA:0,(anonymous_2)
DA:1,0
DA:3,0
DA:7,0
DA:10,0
LF:4
LH:0
BRF:0
BRH:0
end_of_record
TN:
SF:tests.js
FN:8,(anonymous_0)
FN:9,(anonymous_1)
FN:13,(anonymous_2)
FN:17,(anonymous_3)
FNF:4
FNH:0
FNDA:0,(anonymous_0)
FNDA:0,(anonymous_1)
FNDA:0,(anonymous_2)
FNDA:0,(anonymous_3)
DA:5,0
DA:8,0
DA:9,0
DA:10,0
DA:11,0
DA:13,0
DA:14,0
DA:15,0
DA:17,0
DA:18,0
DA:19,0
LF:11
LH:0
BRF:0
BRH:0
end_of_record
TN:
SF:src\index.js
FNF:0
FNH:0
LF:0
LH:0
BRF:0
BRH:0
end_of_record
